<?xml version="1.0" encoding="UTF-8"?>
<testsuite name="dev.zhen.daotests.ClientDaoTests" tests="4" skipped="0" failures="0" errors="0" timestamp="2021-02-13T19:04:07" hostname="DESKTOP-GEQKLKM" time="0.022">
  <properties/>
  <testcase name="create_client()" classname="dev.zhen.daotests.ClientDaoTests" time="0.016"/>
  <testcase name="get_all_client()" classname="dev.zhen.daotests.ClientDaoTests" time="0.002"/>
  <testcase name="get_client_by_id()" classname="dev.zhen.daotests.ClientDaoTests" time="0.001"/>
  <testcase name="delete_client_by_id()" classname="dev.zhen.daotests.ClientDaoTests" time="0.001"/>
  <system-out><![CDATA[TEST 0 passed: create client
TEST 1 passed: get all client
TEST 2 passed: get client by id
TEST 3 passed: delete client by id
]]></system-out>
  <system-err><![CDATA[]]></system-err>
</testsuite>
